<testsuites id="" name="" tests="7" failures="7" skipped="0" errors="0" time="18.331572">
<testsuite name="debug-assessments-issue.spec.ts" timestamp="2025-10-30T19:39:22.709Z" hostname="chromium" tests="1" failures="1" skipped="0" time="0.003" errors="0">
<testcase name="debug assessments not showing" classname="debug-assessments-issue.spec.ts" time="0.003">
<failure message="debug-assessments-issue.spec.ts:4:5 debug assessments not showing" type="FAILURE">
<![CDATA[  [chromium] › debug-assessments-issue.spec.ts:4:5 › debug assessments not showing ─────────────────

    Error: browserType.launch: Executable doesn't exist at /Users/brentcurtis76/Library/Caches/ms-playwright/chromium-1194/chrome-mac/Chromium.app/Contents/MacOS/Chromium
    ╔═════════════════════════════════════════════════════════════════════════╗
    ║ Looks like Playwright Test or Playwright was just installed or updated. ║
    ║ Please run the following command to download new browsers:              ║
    ║                                                                         ║
    ║     npx playwright install                                              ║
    ║                                                                         ║
    ║ <3 Playwright Team                                                      ║
    ╚═════════════════════════════════════════════════════════════════════════╝
]]>
</failure>
</testcase>
</testsuite>
<testsuite name="debug-assessments-issue.spec.ts" timestamp="2025-10-30T19:39:22.709Z" hostname="firefox" tests="1" failures="1" skipped="0" time="0.002" errors="0">
<testcase name="debug assessments not showing" classname="debug-assessments-issue.spec.ts" time="0.002">
<failure message="debug-assessments-issue.spec.ts:4:5 debug assessments not showing" type="FAILURE">
<![CDATA[  [firefox] › debug-assessments-issue.spec.ts:4:5 › debug assessments not showing ──────────────────

    Error: browserType.launch: Executable doesn't exist at /Users/brentcurtis76/Library/Caches/ms-playwright/firefox-1495/firefox/Nightly.app/Contents/MacOS/firefox
    ╔═════════════════════════════════════════════════════════════════════════╗
    ║ Looks like Playwright Test or Playwright was just installed or updated. ║
    ║ Please run the following command to download new browsers:              ║
    ║                                                                         ║
    ║     npx playwright install                                              ║
    ║                                                                         ║
    ║ <3 Playwright Team                                                      ║
    ╚═════════════════════════════════════════════════════════════════════════╝
]]>
</failure>
</testcase>
</testsuite>
<testsuite name="debug-assessments-issue.spec.ts" timestamp="2025-10-30T19:39:22.709Z" hostname="webkit" tests="1" failures="1" skipped="0" time="0.002" errors="0">
<testcase name="debug assessments not showing" classname="debug-assessments-issue.spec.ts" time="0.002">
<failure message="debug-assessments-issue.spec.ts:4:5 debug assessments not showing" type="FAILURE">
<![CDATA[  [webkit] › debug-assessments-issue.spec.ts:4:5 › debug assessments not showing ───────────────────

    Error: browserType.launch: Executable doesn't exist at /Users/brentcurtis76/Library/Caches/ms-playwright/webkit-2215/pw_run.sh
    ╔═════════════════════════════════════════════════════════════════════════╗
    ║ Looks like Playwright Test or Playwright was just installed or updated. ║
    ║ Please run the following command to download new browsers:              ║
    ║                                                                         ║
    ║     npx playwright install                                              ║
    ║                                                                         ║
    ║ <3 Playwright Team                                                      ║
    ╚═════════════════════════════════════════════════════════════════════════╝
]]>
</failure>
</testcase>
</testsuite>
<testsuite name="debug-assessments-issue.spec.ts" timestamp="2025-10-30T19:39:22.709Z" hostname="mobile" tests="1" failures="1" skipped="0" time="0.002" errors="0">
<testcase name="debug assessments not showing" classname="debug-assessments-issue.spec.ts" time="0.002">
<failure message="debug-assessments-issue.spec.ts:4:5 debug assessments not showing" type="FAILURE">
<![CDATA[  [mobile] › debug-assessments-issue.spec.ts:4:5 › debug assessments not showing ───────────────────

    Error: browserType.launch: Executable doesn't exist at /Users/brentcurtis76/Library/Caches/ms-playwright/chromium-1194/chrome-mac/Chromium.app/Contents/MacOS/Chromium
    ╔═════════════════════════════════════════════════════════════════════════╗
    ║ Looks like Playwright Test or Playwright was just installed or updated. ║
    ║ Please run the following command to download new browsers:              ║
    ║                                                                         ║
    ║     npx playwright install                                              ║
    ║                                                                         ║
    ║ <3 Playwright Team                                                      ║
    ╚═════════════════════════════════════════════════════════════════════════╝
]]>
</failure>
</testcase>
</testsuite>
<testsuite name="debug-assessments-issue.spec.ts" timestamp="2025-10-30T19:39:22.709Z" hostname="Mobile Safari" tests="1" failures="1" skipped="0" time="0.002" errors="0">
<testcase name="debug assessments not showing" classname="debug-assessments-issue.spec.ts" time="0.002">
<failure message="debug-assessments-issue.spec.ts:4:5 debug assessments not showing" type="FAILURE">
<![CDATA[  [Mobile Safari] › debug-assessments-issue.spec.ts:4:5 › debug assessments not showing ────────────

    Error: browserType.launch: Executable doesn't exist at /Users/brentcurtis76/Library/Caches/ms-playwright/webkit-2215/pw_run.sh
    ╔═════════════════════════════════════════════════════════════════════════╗
    ║ Looks like Playwright Test or Playwright was just installed or updated. ║
    ║ Please run the following command to download new browsers:              ║
    ║                                                                         ║
    ║     npx playwright install                                              ║
    ║                                                                         ║
    ║ <3 Playwright Team                                                      ║
    ╚═════════════════════════════════════════════════════════════════════════╝
]]>
</failure>
</testcase>
</testsuite>
<testsuite name="debug-assessments-issue.spec.ts" timestamp="2025-10-30T19:39:22.709Z" hostname="Microsoft Edge" tests="1" failures="1" skipped="0" time="0.002" errors="0">
<testcase name="debug assessments not showing" classname="debug-assessments-issue.spec.ts" time="0.002">
<failure message="debug-assessments-issue.spec.ts:4:5 debug assessments not showing" type="FAILURE">
<![CDATA[  [Microsoft Edge] › debug-assessments-issue.spec.ts:4:5 › debug assessments not showing ───────────

    Error: browserType.launch: Chromium distribution 'msedge' is not found at /Applications/Microsoft Edge.app/Contents/MacOS/Microsoft Edge
    Run "npx playwright install msedge"
]]>
</failure>
</testcase>
</testsuite>
<testsuite name="debug-assessments-issue.spec.ts" timestamp="2025-10-30T19:39:22.709Z" hostname="Google Chrome" tests="1" failures="1" skipped="0" time="9.12" errors="0">
<testcase name="debug assessments not showing" classname="debug-assessments-issue.spec.ts" time="9.12">
<failure message="debug-assessments-issue.spec.ts:4:5 debug assessments not showing" type="FAILURE">
<![CDATA[  [Google Chrome] › debug-assessments-issue.spec.ts:4:5 › debug assessments not showing ────────────

    TimeoutError: page.waitForSelector: Timeout 5000ms exceeded.
    Call log:
      - waiting for locator('text=Vías de Transformación') to be visible
        6 × locator resolved to hidden <h2 class="text-2xl font-bold text-[#00365b] mb-4">Vías de Transformación</h2>


      29 |
      30 |   // Wait for transformation tab to be visible
    > 31 |   await page.waitForSelector('text=Vías de Transformación', { timeout: 5000 });
         |              ^
      32 |
      33 |   // Click transformation tab
      34 |   await page.click('text=Vías de Transformación');
        at /Users/brentcurtis76/Documents/fne-lms-working/e2e/debug-assessments-issue.spec.ts:31:14

    attachment #1: screenshot (image/png) ──────────────────────────────────────────────────────────
    ../test-results/debug-assessments-issue-debug-assessments-not-showing-Google-Chrome/test-failed-1.png
    ────────────────────────────────────────────────────────────────────────────────────────────────

    attachment #2: video (video/webm) ──────────────────────────────────────────────────────────────
    ../test-results/debug-assessments-issue-debug-assessments-not-showing-Google-Chrome/video.webm
    ────────────────────────────────────────────────────────────────────────────────────────────────

    Error Context: ../test-results/debug-assessments-issue-debug-assessments-not-showing-Google-Chrome/error-context.md
]]>
</failure>
<system-out>
<![CDATA[
[[ATTACHMENT|debug-assessments-issue-debug-assessments-not-showing-Google-Chrome/test-failed-1.png]]

[[ATTACHMENT|debug-assessments-issue-debug-assessments-not-showing-Google-Chrome/video.webm]]

[[ATTACHMENT|debug-assessments-issue-debug-assessments-not-showing-Google-Chrome/error-context.md]]
]]>
</system-out>
</testcase>
</testsuite>
</testsuites>