<testsuites id="" name="" tests="3" failures="0" skipped="0" errors="0" time="28.401846000000003">
<testsuite name="mentions.spec.ts" timestamp="2025-07-26T17:57:51.338Z" hostname="chromium" tests="3" failures="0" skipped="0" time="61.505" errors="0">
<testcase name="@Mention Flow E2E @mentions › complete @mention flow - create post, mention user, verify notification" classname="mentions.spec.ts" time="19.013">
<system-out>
<![CDATA[✅ Environment verified: Running against test database
✅ Using Supabase URL: http://127.0.0.1:54321
🏗️ Setting up test community with users...
✅ Assigned admin role to user student@nuevaeducacion.org
✅ Assigned community role to user student@nuevaeducacion.org for community a32296fc-51e1-4a1c-b325-dd37ed7f69cd
✅ Assigned admin role to user consultant@nuevaeducacion.org
✅ Assigned community role to user consultant@nuevaeducacion.org for community a32296fc-51e1-4a1c-b325-dd37ed7f69cd
✅ Test community setup complete:
✅ Growth Community ID: a32296fc-51e1-4a1c-b325-dd37ed7f69cd
✅ Workspace ID: a90af333-1da5-4f52-a7fb-27393e241b3b
✅ User 1: student@nuevaeducacion.org (ID: 94ba8a66-973e-4e2b-afc9-34439e4589f6)
✅ User 2: consultant@nuevaeducacion.org (ID: 189c6501-e412-4e0a-ac98-ad5f45f816c4)
🎭 Starting complete @mention flow test...
🔐 Logging in as Test Consultant (consultor)
✅ Successfully logged in as Test Consultant
✅ Logged in as mentioner
✅ Navigated to collaborative space
📝 Creating post with mention: Test mention
🔍 Page content contains: Fundación Nueva EducaciónPlataforma De CrecimientoMi PanelPanel principalMi PerfilInformación personalMis RutasRutas de aprendizaje asignadasRevisión de QuizzesCalificar preguntas abiertasCursosGestión de cursosRutas de AprendizajeGestión de rutas de aprendizajeUsuariosAdministrar usuariosEscuelasGestión de escuelas y generacionesRedes de ColegiosGestión de redes y supervisoresConsultoríasGestión de consultoríasGestiónGestión empresarialReportesAnálisis y reportesEspacio ColaborativoComunidades 
📸 Screenshot saved to test-results/collaborative-space-debug.png
✅ Post with mention created successfully
✅ Created post with mention
✅ Mention appears with proper styling in post
🚪 Logging out...
✅ Successfully logged out
✅ Logged out mentioner
🔐 Logging in as Test Student (docente)
✅ Successfully logged in as Test Student
✅ Logged in as mentioned user
🔔 Checking for mention notifications...
⚠️ Mention notification not found - may indicate timing or UX differences
✅ Mentioned user can see the post
✅ Mention is visually highlighted for mentioned user
🎉 Complete @mention flow test passed!
🚪 Logging out...
✅ Successfully logged out
🧹 Cleaning up test data...
✅ Test cleanup completed
]]>
</system-out>
</testcase>
<testcase name="@Mention Flow E2E @mentions › @mention autocomplete functionality" classname="mentions.spec.ts" time="22.338">
<system-out>
<![CDATA[✅ Environment verified: Running against test database
✅ Using Supabase URL: http://127.0.0.1:54321
🏗️ Setting up test community with users...
✅ Assigned admin role to user student@nuevaeducacion.org
✅ Assigned community role to user student@nuevaeducacion.org for community bfd8dbdd-405f-42b6-9255-2d30307129d5
✅ Assigned admin role to user consultant@nuevaeducacion.org
✅ Assigned community role to user consultant@nuevaeducacion.org for community bfd8dbdd-405f-42b6-9255-2d30307129d5
✅ Test community setup complete:
✅ Growth Community ID: bfd8dbdd-405f-42b6-9255-2d30307129d5
✅ Workspace ID: cac564a2-16c9-46f6-bfca-53b5b1f90ea9
✅ User 1: student@nuevaeducacion.org (ID: 94ba8a66-973e-4e2b-afc9-34439e4589f6)
✅ User 2: consultant@nuevaeducacion.org (ID: 189c6501-e412-4e0a-ac98-ad5f45f816c4)
🎭 Testing @mention autocomplete...
🔐 Logging in as Test Consultant (consultor)
✅ Successfully logged in as Test Consultant
🔍 Checking for mention dropdown...
✅ Found dropdown with selector: .tippy-content
✅ Mention dropdown appeared
✅ Mention dropdown triggered by @ symbol
✅ Mention dropdown remains visible during typing
✅ Mention dropdown closes on Escape
🎉 @mention autocomplete test passed!
🚪 Logging out...
⚠️ Logout failed, navigating to login page directly
🧹 Cleaning up test data...
✅ Test cleanup completed
]]>
</system-out>
</testcase>
<testcase name="@Mention Flow E2E @mentions › mention user not in same community should not appear in suggestions" classname="mentions.spec.ts" time="20.154">
<system-out>
<![CDATA[✅ Environment verified: Running against test database
✅ Using Supabase URL: http://127.0.0.1:54321
🏗️ Setting up test community with users...
✅ Assigned admin role to user student@nuevaeducacion.org
✅ Assigned community role to user student@nuevaeducacion.org for community ac7f1b38-741b-421e-926c-b7fb1f34d875
✅ Assigned admin role to user consultant@nuevaeducacion.org
✅ Assigned community role to user consultant@nuevaeducacion.org for community ac7f1b38-741b-421e-926c-b7fb1f34d875
✅ Test community setup complete:
✅ Growth Community ID: ac7f1b38-741b-421e-926c-b7fb1f34d875
✅ Workspace ID: 9e91e687-6fb3-4bbe-ad1d-4a73e13aaa36
✅ User 1: student@nuevaeducacion.org (ID: 94ba8a66-973e-4e2b-afc9-34439e4589f6)
✅ User 2: consultant@nuevaeducacion.org (ID: 189c6501-e412-4e0a-ac98-ad5f45f816c4)
🎭 Testing community isolation for mentions...
🔐 Logging in as Test Consultant (consultor)
✅ Successfully logged in as Test Consultant
⚠️ No mention dropdown appeared - this may indicate search returned no results
🎉 Community isolation test passed!
🚪 Logging out...
⚠️ Logout failed, navigating to login page directly
🧹 Cleaning up test data...
✅ Test cleanup completed
]]>
</system-out>
</testcase>
</testsuite>
</testsuites>